THURLBY THANDAR, PL303QMD-P, 565122, 3.05-4.08
THURLBY THANDAR, PL303QMD-P, 450472, 3.02-4.04
Peripherals set for chip: 0x60
PLL Calibration for chip: 0x60
Pixel (14,14) on chip: 0x60  - BL: 509, NW: 5
Enabled pixel (14,14) for chip: 0x60
FC Calibration done for chip: 0x60
Running TDC DAQ with QInj for Selected Pixel...
EH 0001 767 1 3
H 0 140 00 719
D 0 0 14 14 159 56 123
T 0 0 1 38
ET 767
DAQ is done
THURLBY THANDAR, PL303QMD-P, 565122, 3.05-4.08
THURLBY THANDAR, PL303QMD-P, 450472, 3.02-4.04
THURLBY THANDAR, PL303QMD-P, 565122, 3.05-4.08
THURLBY THANDAR, PL303QMD-P, 450472, 3.02-4.04
THURLBY THANDAR, PL303QMD-P, 565122, 3.05-4.08
THURLBY THANDAR, PL303QMD-P, 450472, 3.02-4.04
