THURLBY THANDAR, PL303QMD-P, 565122, 3.05-4.08
THURLBY THANDAR, PL303QMD-P, 450472, 3.02-4.04
Peripherals set for chip: 0x60
PLL Calibration for chip: 0x60
Pixel (0,0) on chip: 0x60  - BL: 522, NW: 4
Enabled pixel (0,0) for chip: 0x60
FC Calibration done for chip: 0x60
Running TDC DAQ with QInj for Selected Pixel...
EH 0001 716 1 3
H 0 17 00 719
D 0 0 0 0 196 65 144
T 0 0 1 105
ET 716
DAQ is done
THURLBY THANDAR, PL303QMD-P, 565122, 3.05-4.08
THURLBY THANDAR, PL303QMD-P, 450472, 3.02-4.04
THURLBY THANDAR, PL303QMD-P, 565122, 3.05-4.08
THURLBY THANDAR, PL303QMD-P, 450472, 3.02-4.04
Pixel Address Check: Success
Simple I2C Check - Peripheral: Success
Simple I2C Check - Pixel: Success
THURLBY THANDAR, PL303QMD-P, 565122, 3.05-4.08
THURLBY THANDAR, PL303QMD-P, 450472, 3.02-4.04
