THURLBY THANDAR, PL303QMD-P, 565122, 3.05-4.08
THURLBY THANDAR, PL303QMD-P, 450472, 3.02-4.04
Simple I2C Check - Peripheral: Success
Simple I2C Check - Pixel: Success
THURLBY THANDAR, PL303QMD-P, 565122, 3.05-4.08
THURLBY THANDAR, PL303QMD-P, 450472, 3.02-4.04
THURLBY THANDAR, PL303QMD-P, 565122, 3.05-4.08
THURLBY THANDAR, PL303QMD-P, 450472, 3.02-4.04
Pixel Address Check: Success
Peripherals set for chip: 0x60
PLL Calibration for chip: 0x60
Pixel (0,0) on chip: 0x60  - BL: 533, NW: 6
Enabled pixel (0,0) for chip: 0x60
FC Calibration done for chip: 0x60
Running TDC DAQ with QInj for Selected Pixel...
EH 0001 737 1 3
H 0 180 00 719
D 0 0 0 0 179 66 140
T 0 0 1 31
ET 737
DAQ is done
THURLBY THANDAR, PL303QMD-P, 565122, 3.05-4.08
THURLBY THANDAR, PL303QMD-P, 450472, 3.02-4.04
